build/app/intermediates/manifest_merge_blame_file/release/manifest-merger-blame-release-report.txt
1<?xml version="1.0" encoding="utf-8"?>
2<manifest xmlns:android="http://schemas.android.com/apk/res/android"
3    package="com.cozy_social_media"
4    android:versionCode="1"
5    android:versionName="1.0.0" >
6
7    <uses-sdk
8        android:minSdkVersion="21"
8-->src/main/AndroidManifest.xml
9        android:targetSdkVersion="33" />
9-->src/main/AndroidManifest.xml
10
11    <uses-permission android:name="android.permission.INTERNET" />
11-->src/main/AndroidManifest.xml:4:5-67
11-->src/main/AndroidManifest.xml:4:22-64
12    <uses-permission android:name="android.permission.INTERNET" />
12-->src/main/AndroidManifest.xml:4:5-67
12-->src/main/AndroidManifest.xml:4:22-64
13
14    <!-- for sending email -->
15    <queries>
15-->src/main/AndroidManifest.xml:109:5-114:15
16        <intent>
16-->src/main/AndroidManifest.xml:110:9-113:18
17            <action android:name="android.intent.action.SENDTO" />
17-->src/main/AndroidManifest.xml:111:13-67
17-->src/main/AndroidManifest.xml:111:21-64
18
19            <data android:scheme="mailto" />
19-->src/main/AndroidManifest.xml:112:13-45
19-->src/main/AndroidManifest.xml:112:19-42
20        </intent>
21
22        <package android:name="com.facebook.katana" />
22-->[com.facebook.android:facebook-common:14.1.1] AndroidManifest.xml:30:9-55
22-->[com.facebook.android:facebook-common:14.1.1] AndroidManifest.xml:30:18-52
23    </queries>
24
25    <uses-permission android:name="android.permission.WAKE_LOCK" />
25-->[:firebase_messaging] AndroidManifest.xml:10:5-68
25-->[:firebase_messaging] AndroidManifest.xml:10:22-65
26    <uses-permission android:name="android.permission.ACCESS_NETWORK_STATE" /> <!-- Permissions options for the `notification` group -->
26-->[:firebase_messaging] AndroidManifest.xml:11:5-79
26-->[:firebase_messaging] AndroidManifest.xml:11:22-76
27    <uses-permission android:name="android.permission.POST_NOTIFICATIONS" />
27-->[:firebase_messaging] AndroidManifest.xml:13:5-77
27-->[:firebase_messaging] AndroidManifest.xml:13:22-74
28    <uses-permission android:name="android.permission.RECEIVE_BOOT_COMPLETED" />
28-->[:flutter_local_notifications] AndroidManifest.xml:9:5-81
28-->[:flutter_local_notifications] AndroidManifest.xml:9:22-78
29    <uses-permission android:name="android.permission.VIBRATE" />
29-->[:flutter_local_notifications] AndroidManifest.xml:10:5-66
29-->[:flutter_local_notifications] AndroidManifest.xml:10:22-63
30    <uses-permission android:name="android.permission.USE_FULL_SCREEN_INTENT" />
30-->[:flutter_local_notifications] AndroidManifest.xml:11:5-81
30-->[:flutter_local_notifications] AndroidManifest.xml:11:22-78
31    <uses-permission android:name="android.permission.SCHEDULE_EXACT_ALARM" /> <!-- Required by older versions of Google Play services to create IID tokens -->
31-->[:flutter_local_notifications] AndroidManifest.xml:12:5-79
31-->[:flutter_local_notifications] AndroidManifest.xml:12:22-76
32    <uses-permission android:name="com.google.android.c2dm.permission.RECEIVE" />
32-->[com.google.firebase:firebase-messaging:23.1.0] AndroidManifest.xml:28:5-82
32-->[com.google.firebase:firebase-messaging:23.1.0] AndroidManifest.xml:28:22-79
33    <uses-permission android:name="com.google.android.gms.permission.AD_ID" />
33-->[com.google.android.gms:play-services-measurement-api:21.2.0] AndroidManifest.xml:25:5-79
33-->[com.google.android.gms:play-services-measurement-api:21.2.0] AndroidManifest.xml:25:22-76
34    <uses-permission android:name="com.google.android.finsky.permission.BIND_GET_INSTALL_REFERRER_SERVICE" />
34-->[com.google.android.gms:play-services-measurement:21.2.0] AndroidManifest.xml:26:5-110
34-->[com.google.android.gms:play-services-measurement:21.2.0] AndroidManifest.xml:26:22-107
35
36    <application
37        android:name="android.app.Application"
37-->src/main/AndroidManifest.xml:8:9-42
38        android:appComponentFactory="androidx.core.app.CoreComponentFactory"
38-->[androidx.core:core:1.8.0] AndroidManifest.xml:24:18-86
39        android:icon="@mipmap/ic_launcher"
39-->src/main/AndroidManifest.xml:9:9-43
40        android:label="cozy_social_media"
40-->src/main/AndroidManifest.xml:10:9-42
41        android:supportsRtl="true" >
41-->[com.facebook.android:facebook-login:14.1.1] AndroidManifest.xml:28:18-44
42        <activity
42-->src/main/AndroidManifest.xml:11:9-64:20
43            android:name="com.cozy_social_media.MainActivity"
43-->src/main/AndroidManifest.xml:12:13-41
44            android:configChanges="orientation|keyboardHidden|keyboard|screenSize|smallestScreenSize|locale|layoutDirection|fontScale|screenLayout|density|uiMode"
44-->src/main/AndroidManifest.xml:13:13-163
45            android:exported="true"
45-->src/main/AndroidManifest.xml:14:13-36
46            android:hardwareAccelerated="true"
46-->src/main/AndroidManifest.xml:15:13-47
47            android:launchMode="singleTop"
47-->src/main/AndroidManifest.xml:16:13-43
48            android:theme="@style/LaunchTheme"
48-->src/main/AndroidManifest.xml:17:13-47
49            android:windowSoftInputMode="adjustResize" >
49-->src/main/AndroidManifest.xml:18:13-55
50
51            <!--
52                 Specifies an Android theme to apply to this Activity as soon as
53                 the Android process has started. This theme is visible to the user
54                 while the Flutter UI initializes. After that, this theme continues
55                 to determine the Window background behind the Flutter UI.
56            -->
57
58            <intent-filter>
58-->src/main/AndroidManifest.xml:24:13-27:29
59                <action android:name="android.intent.action.MAIN" />
59-->src/main/AndroidManifest.xml:25:17-69
59-->src/main/AndroidManifest.xml:25:25-66
60
61                <category android:name="android.intent.category.LAUNCHER" />
61-->src/main/AndroidManifest.xml:26:17-77
61-->src/main/AndroidManifest.xml:26:27-74
62            </intent-filter>
63            <intent-filter>
63-->src/main/AndroidManifest.xml:28:13-31:29
64                <action android:name="FLUTTER_NOTIFICATION_CLICK" />
64-->src/main/AndroidManifest.xml:29:17-69
64-->src/main/AndroidManifest.xml:29:25-66
65
66                <category android:name="android.intent.category.DEFAULT" />
66-->src/main/AndroidManifest.xml:30:17-76
66-->src/main/AndroidManifest.xml:30:27-73
67            </intent-filter>
68            <intent-filter>
68-->src/main/AndroidManifest.xml:32:13-34:29
69                <action android:name="com.google.firebase.MESSAGING_EVENT" />
69-->src/main/AndroidManifest.xml:33:17-78
69-->src/main/AndroidManifest.xml:33:25-75
70            </intent-filter>
71
72            <!-- Deep linking in them mainActivity tag -->
73            <meta-data
73-->src/main/AndroidManifest.xml:37:13-39:40
74                android:name="flutter_deeplinking_enabled"
74-->src/main/AndroidManifest.xml:38:17-59
75                android:value="true" />
75-->src/main/AndroidManifest.xml:39:17-37
76
77            <intent-filter android:autoVerify="true" >
77-->src/main/AndroidManifest.xml:41:13-50:29
77-->src/main/AndroidManifest.xml:41:28-53
78                <action android:name="android.intent.action.VIEW" />
78-->src/main/AndroidManifest.xml:42:17-69
78-->src/main/AndroidManifest.xml:42:25-66
79
80                <category android:name="android.intent.category.DEFAULT" />
80-->src/main/AndroidManifest.xml:30:17-76
80-->src/main/AndroidManifest.xml:30:27-73
81                <category android:name="android.intent.category.BROWSABLE" />
81-->src/main/AndroidManifest.xml:44:17-78
81-->src/main/AndroidManifest.xml:44:27-75
82                <!-- add host name -->
83                <data
83-->src/main/AndroidManifest.xml:112:13-45
84                    android:host="cozy.page.link"
84-->src/main/AndroidManifest.xml:47:21-50
85                    android:scheme="http" />
85-->src/main/AndroidManifest.xml:112:19-42
86                <data android:scheme="https" />
86-->src/main/AndroidManifest.xml:112:13-45
86-->src/main/AndroidManifest.xml:112:19-42
87            </intent-filter>
88            <intent-filter>
88-->src/main/AndroidManifest.xml:52:13-61:29
89                <action android:name="android.intent.action.VIEW" />
89-->src/main/AndroidManifest.xml:42:17-69
89-->src/main/AndroidManifest.xml:42:25-66
90
91                <category android:name="android.intent.category.DEFAULT" />
91-->src/main/AndroidManifest.xml:30:17-76
91-->src/main/AndroidManifest.xml:30:27-73
92                <category android:name="android.intent.category.BROWSABLE" />
92-->src/main/AndroidManifest.xml:44:17-78
92-->src/main/AndroidManifest.xml:44:27-75
93
94                <data
94-->src/main/AndroidManifest.xml:112:13-45
95                    android:host="cozy.page.link"
95-->src/main/AndroidManifest.xml:47:21-50
96                    android:scheme="https" />
96-->src/main/AndroidManifest.xml:112:19-42
97            </intent-filter>
98        </activity>
99
100        <meta-data
100-->src/main/AndroidManifest.xml:66:9-68:50
101            android:name="com.google.firebase.messaging.default_notification_channel_id"
101-->src/main/AndroidManifest.xml:67:13-89
102            android:value="channel_id_1121212" />
102-->src/main/AndroidManifest.xml:68:13-47
103
104        <!--
105             Don't delete the meta-data below.
106             This is used by the Flutter tool to generate GeneratedPluginRegistrant.java
107        -->
108        <meta-data
108-->src/main/AndroidManifest.xml:72:9-74:33
109            android:name="flutterEmbedding"
109-->src/main/AndroidManifest.xml:73:13-44
110            android:value="2" />
110-->src/main/AndroidManifest.xml:74:13-30
111        <meta-data
111-->src/main/AndroidManifest.xml:76:9-78:53
112            android:name="io.flutter.embedding.android.NormalTheme"
112-->src/main/AndroidManifest.xml:77:13-68
113            android:resource="@style/NormalTheme" />
113-->src/main/AndroidManifest.xml:78:13-50
114        <meta-data
114-->src/main/AndroidManifest.xml:79:9-81:55
115            android:name="com.facebook.sdk.ApplicationId"
115-->src/main/AndroidManifest.xml:80:13-58
116            android:value="@string/facebook_app_id" />
116-->src/main/AndroidManifest.xml:81:13-52
117        <meta-data
117-->src/main/AndroidManifest.xml:82:9-84:61
118            android:name="com.facebook.sdk.ClientToken"
118-->src/main/AndroidManifest.xml:83:13-56
119            android:value="@string/facebook_client_token" />
119-->src/main/AndroidManifest.xml:84:13-58
120
121        <activity
121-->src/main/AndroidManifest.xml:86:9-89:48
122            android:name="com.facebook.FacebookActivity"
122-->src/main/AndroidManifest.xml:87:13-57
123            android:configChanges="keyboard|keyboardHidden|screenLayout|screenSize|orientation"
123-->src/main/AndroidManifest.xml:88:13-96
124            android:label="@string/app_name"
124-->src/main/AndroidManifest.xml:89:13-45
125            android:theme="@style/com_facebook_activity_theme" />
125-->[com.facebook.android:facebook-common:14.1.1] AndroidManifest.xml:37:13-63
126        <activity
126-->src/main/AndroidManifest.xml:90:9-102:20
127            android:name="com.facebook.CustomTabActivity"
127-->src/main/AndroidManifest.xml:91:13-58
128            android:exported="true" >
128-->src/main/AndroidManifest.xml:92:13-36
129            <intent-filter>
129-->src/main/AndroidManifest.xml:93:13-100:29
130                <action android:name="android.intent.action.VIEW" />
130-->src/main/AndroidManifest.xml:42:17-69
130-->src/main/AndroidManifest.xml:42:25-66
131
132                <category android:name="android.intent.category.DEFAULT" />
132-->src/main/AndroidManifest.xml:30:17-76
132-->src/main/AndroidManifest.xml:30:27-73
133                <category android:name="android.intent.category.BROWSABLE" />
133-->src/main/AndroidManifest.xml:44:17-78
133-->src/main/AndroidManifest.xml:44:27-75
134
135                <data android:scheme="@string/fb_login_protocol_scheme" />
135-->src/main/AndroidManifest.xml:112:13-45
135-->src/main/AndroidManifest.xml:112:19-42
136            </intent-filter>
137            <intent-filter>
137-->[com.facebook.android:facebook-common:14.1.1] AndroidManifest.xml:43:13-52:29
138                <action android:name="android.intent.action.VIEW" />
138-->src/main/AndroidManifest.xml:42:17-69
138-->src/main/AndroidManifest.xml:42:25-66
139
140                <category android:name="android.intent.category.DEFAULT" />
140-->src/main/AndroidManifest.xml:30:17-76
140-->src/main/AndroidManifest.xml:30:27-73
141                <category android:name="android.intent.category.BROWSABLE" />
141-->src/main/AndroidManifest.xml:44:17-78
141-->src/main/AndroidManifest.xml:44:27-75
142
143                <data
143-->src/main/AndroidManifest.xml:112:13-45
144                    android:host="cct.com.cozy_social_media"
144-->src/main/AndroidManifest.xml:47:21-50
145                    android:scheme="fbconnect" />
145-->src/main/AndroidManifest.xml:112:19-42
146            </intent-filter>
147        </activity>
148
149        <service
149-->[:cloud_firestore] AndroidManifest.xml:10:9-14:19
150            android:name="com.google.firebase.components.ComponentDiscoveryService"
150-->[:cloud_firestore] AndroidManifest.xml:10:18-89
151            android:directBootAware="true"
151-->[com.google.firebase:firebase-common:20.2.0] AndroidManifest.xml:34:13-43
152            android:exported="false" >
152-->[com.google.firebase:firebase-analytics-ktx:21.2.0] AndroidManifest.xml:10:13-37
153            <meta-data
153-->[:cloud_firestore] AndroidManifest.xml:11:13-13:85
154                android:name="com.google.firebase.components:io.flutter.plugins.firebase.firestore.FlutterFirebaseFirestoreRegistrar"
154-->[:cloud_firestore] AndroidManifest.xml:12:17-134
155                android:value="com.google.firebase.components.ComponentRegistrar" />
155-->[:cloud_firestore] AndroidManifest.xml:13:17-82
156            <meta-data
156-->[:firebase_dynamic_links] AndroidManifest.xml:13:13-15:85
157                android:name="com.google.firebase.components:io.flutter.plugins.firebase.dynamiclinks.FlutterFirebaseAppRegistrar"
157-->[:firebase_dynamic_links] AndroidManifest.xml:14:17-131
158                android:value="com.google.firebase.components.ComponentRegistrar" />
158-->[:firebase_dynamic_links] AndroidManifest.xml:15:17-82
159            <meta-data
159-->[:firebase_auth] AndroidManifest.xml:11:13-13:85
160                android:name="com.google.firebase.components:io.flutter.plugins.firebase.auth.FlutterFirebaseAuthRegistrar"
160-->[:firebase_auth] AndroidManifest.xml:12:17-124
161                android:value="com.google.firebase.components.ComponentRegistrar" />
161-->[:firebase_auth] AndroidManifest.xml:13:17-82
162            <meta-data
162-->[:firebase_storage] AndroidManifest.xml:11:13-13:85
163                android:name="com.google.firebase.components:io.flutter.plugins.firebase.storage.FlutterFirebaseAppRegistrar"
163-->[:firebase_storage] AndroidManifest.xml:12:17-126
164                android:value="com.google.firebase.components.ComponentRegistrar" />
164-->[:firebase_storage] AndroidManifest.xml:13:17-82
165            <meta-data
165-->[:firebase_messaging] AndroidManifest.xml:38:13-40:85
166                android:name="com.google.firebase.components:io.flutter.plugins.firebase.messaging.FlutterFirebaseAppRegistrar"
166-->[:firebase_messaging] AndroidManifest.xml:39:17-128
167                android:value="com.google.firebase.components.ComponentRegistrar" />
167-->[:firebase_messaging] AndroidManifest.xml:40:17-82
168            <meta-data
168-->[:firebase_core] AndroidManifest.xml:11:13-13:85
169                android:name="com.google.firebase.components:io.flutter.plugins.firebase.core.FlutterFirebaseCoreRegistrar"
169-->[:firebase_core] AndroidManifest.xml:12:17-124
170                android:value="com.google.firebase.components.ComponentRegistrar" />
170-->[:firebase_core] AndroidManifest.xml:13:17-82
171            <meta-data
171-->[com.google.firebase:firebase-analytics-ktx:21.2.0] AndroidManifest.xml:11:13-13:85
172                android:name="com.google.firebase.components:com.google.firebase.analytics.ktx.FirebaseAnalyticsKtxRegistrar"
172-->[com.google.firebase:firebase-analytics-ktx:21.2.0] AndroidManifest.xml:12:17-126
173                android:value="com.google.firebase.components.ComponentRegistrar" />
173-->[com.google.firebase:firebase-analytics-ktx:21.2.0] AndroidManifest.xml:13:17-82
174            <meta-data
174-->[com.google.firebase:firebase-common-ktx:20.2.0] AndroidManifest.xml:14:13-16:85
175                android:name="com.google.firebase.components:com.google.firebase.ktx.FirebaseCommonKtxRegistrar"
175-->[com.google.firebase:firebase-common-ktx:20.2.0] AndroidManifest.xml:15:17-113
176                android:value="com.google.firebase.components.ComponentRegistrar" />
176-->[com.google.firebase:firebase-common-ktx:20.2.0] AndroidManifest.xml:16:17-82
177            <meta-data
177-->[com.google.firebase:firebase-messaging:23.1.0] AndroidManifest.xml:55:13-57:85
178                android:name="com.google.firebase.components:com.google.firebase.messaging.FirebaseMessagingRegistrar"
178-->[com.google.firebase:firebase-messaging:23.1.0] AndroidManifest.xml:56:17-119
179                android:value="com.google.firebase.components.ComponentRegistrar" />
179-->[com.google.firebase:firebase-messaging:23.1.0] AndroidManifest.xml:57:17-82
180            <meta-data
180-->[com.google.firebase:firebase-datatransport:18.1.7] AndroidManifest.xml:27:13-29:85
181                android:name="com.google.firebase.components:com.google.firebase.datatransport.TransportRegistrar"
181-->[com.google.firebase:firebase-datatransport:18.1.7] AndroidManifest.xml:28:17-115
182                android:value="com.google.firebase.components.ComponentRegistrar" />
182-->[com.google.firebase:firebase-datatransport:18.1.7] AndroidManifest.xml:29:17-82
183            <meta-data
183-->[com.google.firebase:firebase-auth:21.1.0] AndroidManifest.xml:67:13-69:85
184                android:name="com.google.firebase.components:com.google.firebase.auth.FirebaseAuthRegistrar"
184-->[com.google.firebase:firebase-auth:21.1.0] AndroidManifest.xml:68:17-109
185                android:value="com.google.firebase.components.ComponentRegistrar" />
185-->[com.google.firebase:firebase-auth:21.1.0] AndroidManifest.xml:69:17-82
186            <meta-data
186-->[com.google.firebase:firebase-iid:21.1.0] AndroidManifest.xml:32:13-34:85
187                android:name="com.google.firebase.components:com.google.firebase.iid.Registrar"
187-->[com.google.firebase:firebase-iid:21.1.0] AndroidManifest.xml:33:17-96
188                android:value="com.google.firebase.components.ComponentRegistrar" />
188-->[com.google.firebase:firebase-iid:21.1.0] AndroidManifest.xml:34:17-82
189            <meta-data
189-->[com.google.firebase:firebase-firestore:24.4.0] AndroidManifest.xml:19:13-21:85
190                android:name="com.google.firebase.components:com.google.firebase.firestore.FirestoreRegistrar"
190-->[com.google.firebase:firebase-firestore:24.4.0] AndroidManifest.xml:20:17-111
191                android:value="com.google.firebase.components.ComponentRegistrar" />
191-->[com.google.firebase:firebase-firestore:24.4.0] AndroidManifest.xml:21:17-82
192            <meta-data
192-->[com.google.firebase:firebase-dynamic-links:21.1.0] AndroidManifest.xml:26:13-28:85
193                android:name="com.google.firebase.components:com.google.firebase.dynamiclinks.internal.FirebaseDynamicLinkRegistrar"
193-->[com.google.firebase:firebase-dynamic-links:21.1.0] AndroidManifest.xml:27:17-133
194                android:value="com.google.firebase.components.ComponentRegistrar" />
194-->[com.google.firebase:firebase-dynamic-links:21.1.0] AndroidManifest.xml:28:17-82
195            <meta-data
195-->[com.google.firebase:firebase-storage:20.1.0] AndroidManifest.xml:32:13-34:85
196                android:name="com.google.firebase.components:com.google.firebase.storage.StorageRegistrar"
196-->[com.google.firebase:firebase-storage:20.1.0] AndroidManifest.xml:33:17-107
197                android:value="com.google.firebase.components.ComponentRegistrar" />
197-->[com.google.firebase:firebase-storage:20.1.0] AndroidManifest.xml:34:17-82
198            <meta-data
198-->[com.google.android.gms:play-services-measurement-api:21.2.0] AndroidManifest.xml:31:13-33:85
199                android:name="com.google.firebase.components:com.google.firebase.analytics.connector.internal.AnalyticsConnectorRegistrar"
199-->[com.google.android.gms:play-services-measurement-api:21.2.0] AndroidManifest.xml:32:17-139
200                android:value="com.google.firebase.components.ComponentRegistrar" />
200-->[com.google.android.gms:play-services-measurement-api:21.2.0] AndroidManifest.xml:33:17-82
201            <meta-data
201-->[com.google.firebase:firebase-installations:17.1.0] AndroidManifest.xml:17:13-19:85
202                android:name="com.google.firebase.components:com.google.firebase.installations.FirebaseInstallationsRegistrar"
202-->[com.google.firebase:firebase-installations:17.1.0] AndroidManifest.xml:18:17-127
203                android:value="com.google.firebase.components.ComponentRegistrar" />
203-->[com.google.firebase:firebase-installations:17.1.0] AndroidManifest.xml:19:17-82
204        </service>
205        <service
205-->[:firebase_messaging] AndroidManifest.xml:16:9-19:72
206            android:name="io.flutter.plugins.firebase.messaging.FlutterFirebaseMessagingBackgroundService"
206-->[:firebase_messaging] AndroidManifest.xml:17:13-107
207            android:exported="false"
207-->[:firebase_messaging] AndroidManifest.xml:18:13-37
208            android:permission="android.permission.BIND_JOB_SERVICE" />
208-->[:firebase_messaging] AndroidManifest.xml:19:13-69
209        <service
209-->[:firebase_messaging] AndroidManifest.xml:20:9-26:19
210            android:name="io.flutter.plugins.firebase.messaging.FlutterFirebaseMessagingService"
210-->[:firebase_messaging] AndroidManifest.xml:21:13-97
211            android:exported="false" >
211-->[:firebase_messaging] AndroidManifest.xml:22:13-37
212            <intent-filter>
212-->src/main/AndroidManifest.xml:32:13-34:29
213                <action android:name="com.google.firebase.MESSAGING_EVENT" />
213-->src/main/AndroidManifest.xml:33:17-78
213-->src/main/AndroidManifest.xml:33:25-75
214            </intent-filter>
215        </service>
216
217        <receiver
217-->[:firebase_messaging] AndroidManifest.xml:28:9-35:20
218            android:name="io.flutter.plugins.firebase.messaging.FlutterFirebaseMessagingReceiver"
218-->[:firebase_messaging] AndroidManifest.xml:29:13-98
219            android:exported="true"
219-->[:firebase_messaging] AndroidManifest.xml:30:13-36
220            android:permission="com.google.android.c2dm.permission.SEND" >
220-->[:firebase_messaging] AndroidManifest.xml:31:13-73
221            <intent-filter>
221-->[:firebase_messaging] AndroidManifest.xml:32:13-34:29
222                <action android:name="com.google.android.c2dm.intent.RECEIVE" />
222-->[:firebase_messaging] AndroidManifest.xml:33:17-81
222-->[:firebase_messaging] AndroidManifest.xml:33:25-78
223            </intent-filter>
224        </receiver>
225
226        <provider
226-->[:firebase_messaging] AndroidManifest.xml:43:9-47:38
227            android:name="io.flutter.plugins.firebase.messaging.FlutterFirebaseMessagingInitProvider"
227-->[:firebase_messaging] AndroidManifest.xml:44:13-102
228            android:authorities="com.cozy_social_media.flutterfirebasemessaginginitprovider"
228-->[:firebase_messaging] AndroidManifest.xml:45:13-88
229            android:exported="false"
229-->[:firebase_messaging] AndroidManifest.xml:46:13-37
230            android:initOrder="99" />
230-->[:firebase_messaging] AndroidManifest.xml:47:13-35
231        <provider
231-->[:image_picker_android] AndroidManifest.xml:10:9-18:20
232            android:name="io.flutter.plugins.imagepicker.ImagePickerFileProvider"
232-->[:image_picker_android] AndroidManifest.xml:11:13-82
233            android:authorities="com.cozy_social_media.flutter.image_provider"
233-->[:image_picker_android] AndroidManifest.xml:12:13-74
234            android:exported="false"
234-->[:image_picker_android] AndroidManifest.xml:13:13-37
235            android:grantUriPermissions="true" >
235-->[:image_picker_android] AndroidManifest.xml:14:13-47
236            <meta-data
236-->[:image_picker_android] AndroidManifest.xml:15:13-17:75
237                android:name="android.support.FILE_PROVIDER_PATHS"
237-->[:image_picker_android] AndroidManifest.xml:16:17-67
238                android:resource="@xml/flutter_image_picker_file_paths" />
238-->[:image_picker_android] AndroidManifest.xml:17:17-72
239        </provider>
240
241        <receiver
241-->[:flutter_local_notifications] AndroidManifest.xml:16:9-18:40
242            android:name="com.dexterous.flutterlocalnotifications.ActionBroadcastReceiver"
242-->[:flutter_local_notifications] AndroidManifest.xml:17:13-91
243            android:exported="false" />
243-->[:flutter_local_notifications] AndroidManifest.xml:18:13-37
244        <receiver
244-->[:flutter_local_notifications] AndroidManifest.xml:19:9-21:40
245            android:name="com.dexterous.flutterlocalnotifications.ScheduledNotificationReceiver"
245-->[:flutter_local_notifications] AndroidManifest.xml:20:13-97
246            android:exported="false" />
246-->[:flutter_local_notifications] AndroidManifest.xml:21:13-37
247        <receiver
247-->[:flutter_local_notifications] AndroidManifest.xml:22:9-31:20
248            android:name="com.dexterous.flutterlocalnotifications.ScheduledNotificationBootReceiver"
248-->[:flutter_local_notifications] AndroidManifest.xml:23:13-101
249            android:exported="false" >
249-->[:flutter_local_notifications] AndroidManifest.xml:24:13-37
250            <intent-filter>
250-->[:flutter_local_notifications] AndroidManifest.xml:25:13-30:29
251                <action android:name="android.intent.action.BOOT_COMPLETED" />
251-->[:flutter_local_notifications] AndroidManifest.xml:26:17-79
251-->[:flutter_local_notifications] AndroidManifest.xml:26:25-76
252                <action android:name="android.intent.action.MY_PACKAGE_REPLACED" />
252-->[:flutter_local_notifications] AndroidManifest.xml:27:17-84
252-->[:flutter_local_notifications] AndroidManifest.xml:27:25-81
253                <action android:name="android.intent.action.QUICKBOOT_POWERON" />
253-->[:flutter_local_notifications] AndroidManifest.xml:28:17-82
253-->[:flutter_local_notifications] AndroidManifest.xml:28:25-79
254                <action android:name="com.htc.intent.action.QUICKBOOT_POWERON" />
254-->[:flutter_local_notifications] AndroidManifest.xml:29:17-82
254-->[:flutter_local_notifications] AndroidManifest.xml:29:25-79
255            </intent-filter>
256        </receiver>
257
258        <uses-library
258-->[androidx.window:window:1.0.0-beta04] AndroidManifest.xml:25:9-27:40
259            android:name="androidx.window.extensions"
259-->[androidx.window:window:1.0.0-beta04] AndroidManifest.xml:26:13-54
260            android:required="false" />
260-->[androidx.window:window:1.0.0-beta04] AndroidManifest.xml:27:13-37
261        <uses-library
261-->[androidx.window:window:1.0.0-beta04] AndroidManifest.xml:28:9-30:40
262            android:name="androidx.window.sidecar"
262-->[androidx.window:window:1.0.0-beta04] AndroidManifest.xml:29:13-51
263            android:required="false" />
263-->[androidx.window:window:1.0.0-beta04] AndroidManifest.xml:30:13-37
264
265        <receiver
265-->[com.google.firebase:firebase-messaging:23.1.0] AndroidManifest.xml:31:9-38:20
266            android:name="com.google.firebase.iid.FirebaseInstanceIdReceiver"
266-->[com.google.firebase:firebase-messaging:23.1.0] AndroidManifest.xml:32:13-78
267            android:exported="true"
267-->[com.google.firebase:firebase-messaging:23.1.0] AndroidManifest.xml:33:13-36
268            android:permission="com.google.android.c2dm.permission.SEND" >
268-->[com.google.firebase:firebase-messaging:23.1.0] AndroidManifest.xml:34:13-73
269            <intent-filter>
269-->[:firebase_messaging] AndroidManifest.xml:32:13-34:29
270                <action android:name="com.google.android.c2dm.intent.RECEIVE" />
270-->[:firebase_messaging] AndroidManifest.xml:33:17-81
270-->[:firebase_messaging] AndroidManifest.xml:33:25-78
271            </intent-filter>
272        </receiver>
273        <!--
274             FirebaseMessagingService performs security checks at runtime,
275             but set to not exported to explicitly avoid allowing another app to call it.
276        -->
277        <service
277-->[com.google.firebase:firebase-messaging:23.1.0] AndroidManifest.xml:44:9-51:19
278            android:name="com.google.firebase.messaging.FirebaseMessagingService"
278-->[com.google.firebase:firebase-messaging:23.1.0] AndroidManifest.xml:45:13-82
279            android:directBootAware="true"
279-->[com.google.firebase:firebase-messaging:23.1.0] AndroidManifest.xml:46:13-43
280            android:exported="false" >
280-->[com.google.firebase:firebase-messaging:23.1.0] AndroidManifest.xml:47:13-37
281            <intent-filter android:priority="-500" >
281-->src/main/AndroidManifest.xml:32:13-34:29
282                <action android:name="com.google.firebase.MESSAGING_EVENT" />
282-->src/main/AndroidManifest.xml:33:17-78
282-->src/main/AndroidManifest.xml:33:25-75
283            </intent-filter>
284        </service>
285        <service
285-->[com.google.android.datatransport:transport-backend-cct:3.1.8] AndroidManifest.xml:28:9-34:19
286            android:name="com.google.android.datatransport.runtime.backends.TransportBackendDiscovery"